<?xml version="1.0" encoding="UTF-8"?>
<!-- Generated by org.testng.reporters.JUnitReportReporter -->
<testsuite skipped="0" hostname="EEOC-2TK736001Z" name="Academy.HomePage" tests="2" failures="0" timestamp="12 Feb 2019 17:25:57 GMT" time="4.714" errors="0">
  <testcase name="loginPage" time="4.042" classname="Academy.HomePage"/>
  <testcase name="md715MenuTab" time="0.672" classname="Academy.HomePage"/>
</testsuite> <!-- Academy.HomePage -->
