<?xml version="1.0" encoding="UTF-8"?>
<!-- Generated by org.testng.reporters.JUnitReportReporter -->
<testsuite skipped="0" hostname="EEOC-2TK736001Z" name="Academy.landingPage2" tests="1" failures="0" timestamp="11 Feb 2019 16:19:10 GMT" time="3.719" errors="0">
  <testcase name="VerifyTheLoginPage" time="3.719" classname="Academy.landingPage2"/>
</testsuite> <!-- Academy.landingPage2 -->
